[debug] [2021-04-06T19:20:37.742Z] ----------------------------------------------------------------------
[debug] [2021-04-06T19:20:37.744Z] Command:       /usr/bin/node /usr/local/bin/firebase emulators:start
[debug] [2021-04-06T19:20:37.744Z] CLI Version:   9.8.0
[debug] [2021-04-06T19:20:37.745Z] Platform:      linux
[debug] [2021-04-06T19:20:37.745Z] Node Version:  v12.22.0
[debug] [2021-04-06T19:20:37.745Z] Time:          Tue Apr 06 2021 22:20:37 GMT+0300 (East Africa Time)
[debug] [2021-04-06T19:20:37.745Z] ----------------------------------------------------------------------
[debug] 
[debug] [2021-04-06T19:20:37.751Z] > command requires scopes: ["email","openid","https://www.googleapis.com/auth/cloudplatformprojects.readonly","https://www.googleapis.com/auth/firebase","https://www.googleapis.com/auth/cloud-platform"]
[debug] [2021-04-06T19:20:37.751Z] > authorizing via signed-in user
[info] i  emulators: Starting emulators: functions, hosting {"metadata":{"emulator":{"name":"hub"},"message":"Starting emulators: functions, hosting"}}
[debug] [2021-04-06T19:20:37.772Z] [hub] writing locator at /tmp/hub-clone-44c8b.json
[warn] ⚠  functions: The following emulators are not running, calls to these services from the Functions emulator will affect production: auth, firestore, database, pubsub {"metadata":{"emulator":{"name":"functions"},"message":"The following emulators are not running, calls to these services from the Functions emulator will affect production: \u001b[1mauth, firestore, database, pubsub\u001b[22m"}}
[info] ✔  functions: Using node@12 from host. {"metadata":{"emulator":{"name":"functions"},"message":"Using node@12 from host."}}
[debug] [2021-04-06T19:20:37.801Z] defaultcredentials: writing to file /home/kazi/.config/firebase/mwangyjose_gmail_com_application_default_credentials.json
[debug] [2021-04-06T19:20:37.804Z] Setting GAC to /home/kazi/.config/firebase/mwangyjose_gmail_com_application_default_credentials.json {"metadata":{"emulator":{"name":"functions"},"message":"Setting GAC to /home/kazi/.config/firebase/mwangyjose_gmail_com_application_default_credentials.json"}}
[debug] [2021-04-06T19:20:37.806Z] > refreshing access token with scopes: []
[debug] [2021-04-06T19:20:37.807Z] >>> HTTP REQUEST POST https://www.googleapis.com/oauth2/v3/token  
 <request body omitted>
[debug] [2021-04-06T19:20:38.533Z] <<< HTTP RESPONSE 200 {"expires":"Mon, 01 Jan 1990 00:00:00 GMT","cache-control":"no-cache, no-store, max-age=0, must-revalidate","date":"Tue, 06 Apr 2021 19:20:38 GMT","pragma":"no-cache","content-type":"application/json; charset=utf-8","vary":"X-Origin, Referer, Origin,Accept-Encoding","server":"scaffolding on HTTPServer2","x-xss-protection":"0","x-frame-options":"SAMEORIGIN","x-content-type-options":"nosniff","alt-svc":"h3-29=\":443\"; ma=2592000,h3-T051=\":443\"; ma=2592000,h3-Q050=\":443\"; ma=2592000,h3-Q046=\":443\"; ma=2592000,h3-Q043=\":443\"; ma=2592000,quic=\":443\"; ma=2592000; v=\"46,43\"","accept-ranges":"none","transfer-encoding":"chunked"}
[debug] [2021-04-06T19:20:38.552Z] >>> [apiv2][query] GET https://firebase.googleapis.com/v1beta1/projects/clone-44c8b/adminSdkConfig [none]
[debug] [2021-04-06T19:20:39.514Z] <<< [apiv2][status] GET https://firebase.googleapis.com/v1beta1/projects/clone-44c8b/adminSdkConfig 200
[debug] [2021-04-06T19:20:39.516Z] <<< [apiv2][body] GET https://firebase.googleapis.com/v1beta1/projects/clone-44c8b/adminSdkConfig {"projectId":"clone-44c8b","storageBucket":"clone-44c8b.appspot.com","locationId":"europe-west"}
[debug] [2021-04-06T19:20:39.548Z] >>> [apiv2][query] GET https://firebase.googleapis.com/v1beta1/projects/clone-44c8b/webApps/-/config [none]
[debug] [2021-04-06T19:20:40.811Z] <<< [apiv2][status] GET https://firebase.googleapis.com/v1beta1/projects/clone-44c8b/webApps/-/config 200
[debug] [2021-04-06T19:20:40.812Z] <<< [apiv2][body] GET https://firebase.googleapis.com/v1beta1/projects/clone-44c8b/webApps/-/config {"projectId":"clone-44c8b","appId":"1:544552916987:web:45388b84a91cf763d49d5e","storageBucket":"clone-44c8b.appspot.com","locationId":"europe-west","apiKey":"AIzaSyBjRS1JftVRmUBaTfDh1YchbZpYihsBAEo","authDomain":"clone-44c8b.firebaseapp.com","messagingSenderId":"544552916987","measurementId":"G-X0KLB2WFMC"}
[info] i  hosting: Serving hosting files from: build {"metadata":{"emulator":{"name":"hosting"},"message":"Serving hosting files from: \u001b[1mbuild\u001b[22m"}}
[info] ✔  hosting: Local server: http://localhost:5000 {"metadata":{"emulator":{"name":"hosting"},"message":"Local server: \u001b[4m\u001b[1mhttp://localhost:5000\u001b[22m\u001b[24m"}}
[debug] [2021-04-06T19:20:40.844Z] Ignoring unsupported arg: auto_download {"metadata":{"emulator":{"name":"ui"},"message":"Ignoring unsupported arg: auto_download"}}
[debug] [2021-04-06T19:20:40.844Z] Ignoring unsupported arg: port {"metadata":{"emulator":{"name":"ui"},"message":"Ignoring unsupported arg: port"}}
[debug] [2021-04-06T19:20:40.844Z] Starting Emulator UI with command {"binary":"node","args":["/home/kazi/.cache/firebase/emulators/ui-v1.4.2/server.bundle.js"],"optionalArgs":[],"joinArgs":false} {"metadata":{"emulator":{"name":"ui"},"message":"Starting Emulator UI with command {\"binary\":\"node\",\"args\":[\"/home/kazi/.cache/firebase/emulators/ui-v1.4.2/server.bundle.js\"],\"optionalArgs\":[],\"joinArgs\":false}"}}
[info] i  ui: Emulator UI logging to ui-debug.log {"metadata":{"emulator":{"name":"ui"},"message":"Emulator UI logging to \u001b[1mui-debug.log\u001b[22m"}}
[debug] [2021-04-06T19:20:40.953Z] Web / API server started at http://localhost:4000
 {"metadata":{"emulator":{"name":"ui"},"message":"Web / API server started at http://localhost:4000\n"}}
[info] i  functions: Watching "/home/kazi/Desktop/J/amazon_clone/functions" for Cloud Functions... {"metadata":{"emulator":{"name":"functions"},"message":"Watching \"/home/kazi/Desktop/J/amazon_clone/functions\" for Cloud Functions..."}}
[debug] [2021-04-06T19:20:41.153Z] [worker-pool] addWorker(~diagnostic~) {"metadata":{"emulator":{"name":"functions"},"message":"[worker-pool] addWorker(~diagnostic~)"}}
[debug] [2021-04-06T19:20:41.154Z] [worker-pool] Adding worker with key ~diagnostic~, total=1 {"metadata":{"emulator":{"name":"functions"},"message":"[worker-pool] Adding worker with key ~diagnostic~, total=1"}}
[debug] [2021-04-06T19:20:41.155Z] [worker-pool] submitWork(triggerId=) {"metadata":{"emulator":{"name":"functions"},"message":"[worker-pool] submitWork(triggerId=)"}}
[debug] [2021-04-06T19:20:41.155Z] [worker-~diagnostic~-a8b23fef-b946-4639-a464-26ef42b01d75]: Assigning socketPath: /tmp/fire_emu_13236.sock {"metadata":{"emulator":{"name":"functions"},"message":"[worker-~diagnostic~-a8b23fef-b946-4639-a464-26ef42b01d75]: Assigning socketPath: /tmp/fire_emu_13236.sock"}}
[debug] [2021-04-06T19:20:41.156Z] [worker-~diagnostic~-a8b23fef-b946-4639-a464-26ef42b01d75]: BUSY {"metadata":{"emulator":{"name":"functions"},"message":"[worker-~diagnostic~-a8b23fef-b946-4639-a464-26ef42b01d75]: BUSY"}}
[debug] [2021-04-06T19:20:41.328Z] [runtime-status] [13236] Functions runtime initialized. {"cwd":"/home/kazi/Desktop/J/amazon_clone/functions","node_version":"12.22.0"} {"metadata":{"emulator":{"name":"functions"},"message":"[runtime-status] [13236] Functions runtime initialized. {\"cwd\":\"/home/kazi/Desktop/J/amazon_clone/functions\",\"node_version\":\"12.22.0\"}"}}
[debug] [2021-04-06T19:20:41.329Z] [runtime-status] [13236] Disabled runtime features: undefined {"metadata":{"emulator":{"name":"functions"},"message":"[runtime-status] [13236] Disabled runtime features: undefined"}}
[debug] [2021-04-06T19:20:41.332Z] [runtime-status] [13236] Resolved module firebase-admin {"declared":true,"installed":true,"version":"9.6.0","resolution":"/home/kazi/Desktop/J/amazon_clone/functions/node_modules/firebase-admin/lib/index.js"} {"metadata":{"emulator":{"name":"functions"},"message":"[runtime-status] [13236] Resolved module firebase-admin {\"declared\":true,\"installed\":true,\"version\":\"9.6.0\",\"resolution\":\"/home/kazi/Desktop/J/amazon_clone/functions/node_modules/firebase-admin/lib/index.js\"}"}}
[debug] [2021-04-06T19:20:41.333Z] [runtime-status] [13236] Resolved module firebase-functions {"declared":true,"installed":true,"version":"3.13.2","resolution":"/home/kazi/Desktop/J/amazon_clone/functions/node_modules/firebase-functions/lib/index.js"} {"metadata":{"emulator":{"name":"functions"},"message":"[runtime-status] [13236] Resolved module firebase-functions {\"declared\":true,\"installed\":true,\"version\":\"3.13.2\",\"resolution\":\"/home/kazi/Desktop/J/amazon_clone/functions/node_modules/firebase-functions/lib/index.js\"}"}}
[debug] [2021-04-06T19:20:41.335Z] [runtime-status] [13236] Resolved module firebase-functions {"declared":true,"installed":true,"version":"3.13.2","resolution":"/home/kazi/Desktop/J/amazon_clone/functions/node_modules/firebase-functions/lib/index.js"} {"metadata":{"emulator":{"name":"functions"},"message":"[runtime-status] [13236] Resolved module firebase-functions {\"declared\":true,\"installed\":true,\"version\":\"3.13.2\",\"resolution\":\"/home/kazi/Desktop/J/amazon_clone/functions/node_modules/firebase-functions/lib/index.js\"}"}}
[debug] [2021-04-06T19:20:41.337Z] [runtime-status] [13236] Outgoing network have been stubbed. [{"name":"http","status":"mocked"},{"name":"http","status":"mocked"},{"name":"https","status":"mocked"},{"name":"https","status":"mocked"},{"name":"net","status":"mocked"}] {"metadata":{"emulator":{"name":"functions"},"message":"[runtime-status] [13236] Outgoing network have been stubbed. [{\"name\":\"http\",\"status\":\"mocked\"},{\"name\":\"http\",\"status\":\"mocked\"},{\"name\":\"https\",\"status\":\"mocked\"},{\"name\":\"https\",\"status\":\"mocked\"},{\"name\":\"net\",\"status\":\"mocked\"}]"}}
[debug] [2021-04-06T19:20:41.337Z] [runtime-status] [13236] Resolved module firebase-functions {"declared":true,"installed":true,"version":"3.13.2","resolution":"/home/kazi/Desktop/J/amazon_clone/functions/node_modules/firebase-functions/lib/index.js"} {"metadata":{"emulator":{"name":"functions"},"message":"[runtime-status] [13236] Resolved module firebase-functions {\"declared\":true,\"installed\":true,\"version\":\"3.13.2\",\"resolution\":\"/home/kazi/Desktop/J/amazon_clone/functions/node_modules/firebase-functions/lib/index.js\"}"}}
[debug] [2021-04-06T19:20:41.380Z] [runtime-status] [13236] Checked functions.config() {"config":{}} {"metadata":{"emulator":{"name":"functions"},"message":"[runtime-status] [13236] Checked functions.config() {\"config\":{}}"}}
[debug] [2021-04-06T19:20:41.381Z] [runtime-status] [13236] firebase-functions has been stubbed. {"functionsResolution":{"declared":true,"installed":true,"version":"3.13.2","resolution":"/home/kazi/Desktop/J/amazon_clone/functions/node_modules/firebase-functions/lib/index.js"}} {"metadata":{"emulator":{"name":"functions"},"message":"[runtime-status] [13236] firebase-functions has been stubbed. {\"functionsResolution\":{\"declared\":true,\"installed\":true,\"version\":\"3.13.2\",\"resolution\":\"/home/kazi/Desktop/J/amazon_clone/functions/node_modules/firebase-functions/lib/index.js\"}}"}}
[debug] [2021-04-06T19:20:41.381Z] [runtime-status] [13236] Resolved module firebase-functions {"declared":true,"installed":true,"version":"3.13.2","resolution":"/home/kazi/Desktop/J/amazon_clone/functions/node_modules/firebase-functions/lib/index.js"} {"metadata":{"emulator":{"name":"functions"},"message":"[runtime-status] [13236] Resolved module firebase-functions {\"declared\":true,\"installed\":true,\"version\":\"3.13.2\",\"resolution\":\"/home/kazi/Desktop/J/amazon_clone/functions/node_modules/firebase-functions/lib/index.js\"}"}}
[debug] [2021-04-06T19:20:41.382Z] [runtime-status] [13236] Resolved module firebase-admin {"declared":true,"installed":true,"version":"9.6.0","resolution":"/home/kazi/Desktop/J/amazon_clone/functions/node_modules/firebase-admin/lib/index.js"} {"metadata":{"emulator":{"name":"functions"},"message":"[runtime-status] [13236] Resolved module firebase-admin {\"declared\":true,\"installed\":true,\"version\":\"9.6.0\",\"resolution\":\"/home/kazi/Desktop/J/amazon_clone/functions/node_modules/firebase-admin/lib/index.js\"}"}}
[debug] [2021-04-06T19:20:41.384Z] [runtime-status] [13236] Resolved module firebase-functions {"declared":true,"installed":true,"version":"3.13.2","resolution":"/home/kazi/Desktop/J/amazon_clone/functions/node_modules/firebase-functions/lib/index.js"} {"metadata":{"emulator":{"name":"functions"},"message":"[runtime-status] [13236] Resolved module firebase-functions {\"declared\":true,\"installed\":true,\"version\":\"3.13.2\",\"resolution\":\"/home/kazi/Desktop/J/amazon_clone/functions/node_modules/firebase-functions/lib/index.js\"}"}}
[debug] [2021-04-06T19:20:41.384Z] [runtime-status] [13236] firebase-admin has been stubbed. {"adminResolution":{"declared":true,"installed":true,"version":"9.6.0","resolution":"/home/kazi/Desktop/J/amazon_clone/functions/node_modules/firebase-admin/lib/index.js"}} {"metadata":{"emulator":{"name":"functions"},"message":"[runtime-status] [13236] firebase-admin has been stubbed. {\"adminResolution\":{\"declared\":true,\"installed\":true,\"version\":\"9.6.0\",\"resolution\":\"/home/kazi/Desktop/J/amazon_clone/functions/node_modules/firebase-admin/lib/index.js\"}}"}}
[info] ✔  functions[api]: http function initialized (http://localhost:5001/clone-44c8b/us-central1/api). {"metadata":{"emulator":{"name":"functions"},"message":"\u001b[1mhttp\u001b[22m function initialized (http://localhost:5001/clone-44c8b/us-central1/api)."}}
[info] 
┌─────────────────────────────────────────────────────────────┐
│ ✔  All emulators ready! It is now safe to connect your app. │
│ i  View Emulator UI at http://localhost:4000                │
└─────────────────────────────────────────────────────────────┘

┌───────────┬────────────────┬─────────────────────────────────┐
│ Emulator  │ Host:Port      │ View in Emulator UI             │
├───────────┼────────────────┼─────────────────────────────────┤
│ Functions │ localhost:5001 │ http://localhost:4000/functions │
├───────────┼────────────────┼─────────────────────────────────┤
│ Hosting   │ localhost:5000 │ n/a                             │
└───────────┴────────────────┴─────────────────────────────────┘
  Emulator Hub running at localhost:4400
  Other reserved ports: 4500

Issues? Report them at https://github.com/firebase/firebase-tools/issues and attach the *-debug.log files.
 
[debug] [2021-04-06T19:20:41.526Z] [worker-~diagnostic~-a8b23fef-b946-4639-a464-26ef42b01d75]: IDLE {"metadata":{"emulator":{"name":"functions"},"message":"[worker-~diagnostic~-a8b23fef-b946-4639-a464-26ef42b01d75]: IDLE"}}
[debug] [2021-04-06T19:20:54.405Z] [work-queue] {"queueLength":1,"workRunningCount":0}
[debug] [2021-04-06T19:20:54.408Z] [work-queue] {"queueLength":0,"workRunningCount":1}
[debug] [2021-04-06T19:20:54.408Z] Accepted request POST /clone-44c8b/us-central1/api/payments/create?total=207177 --> api
[debug] [2021-04-06T19:20:54.416Z] [worker-pool] addWorker(api) {"metadata":{"emulator":{"name":"functions"},"message":"[worker-pool] addWorker(api)"}}
[debug] [2021-04-06T19:20:54.417Z] [worker-pool] Adding worker with key api, total=1 {"metadata":{"emulator":{"name":"functions"},"message":"[worker-pool] Adding worker with key api, total=1"}}
[debug] [2021-04-06T19:20:54.417Z] [worker-pool] submitWork(triggerId=api) {"metadata":{"emulator":{"name":"functions"},"message":"[worker-pool] submitWork(triggerId=api)"}}
[debug] [2021-04-06T19:20:54.417Z] [worker-api-f15ba8ab-c123-4c5c-9789-7fdec709141e]: Assigning socketPath: /tmp/fire_emu_13250.sock {"metadata":{"emulator":{"name":"functions"},"message":"[worker-api-f15ba8ab-c123-4c5c-9789-7fdec709141e]: Assigning socketPath: /tmp/fire_emu_13250.sock"}}
[debug] [2021-04-06T19:20:54.418Z] [worker-api-f15ba8ab-c123-4c5c-9789-7fdec709141e]: BUSY {"metadata":{"emulator":{"name":"functions"},"message":"[worker-api-f15ba8ab-c123-4c5c-9789-7fdec709141e]: BUSY"}}
[debug] [2021-04-06T19:20:54.572Z] [runtime-status] [13250] Functions runtime initialized. {"cwd":"/home/kazi/Desktop/J/amazon_clone/functions","node_version":"12.22.0"} {"metadata":{"emulator":{"name":"functions"},"function":{"name":"api"},"message":"[runtime-status] [13250] Functions runtime initialized. {\"cwd\":\"/home/kazi/Desktop/J/amazon_clone/functions\",\"node_version\":\"12.22.0\"}"}}
[debug] [2021-04-06T19:20:54.574Z] [runtime-status] [13250] Disabled runtime features: undefined {"metadata":{"emulator":{"name":"functions"},"function":{"name":"api"},"message":"[runtime-status] [13250] Disabled runtime features: undefined"}}
[debug] [2021-04-06T19:20:54.576Z] [runtime-status] [13250] Resolved module firebase-admin {"declared":true,"installed":true,"version":"9.6.0","resolution":"/home/kazi/Desktop/J/amazon_clone/functions/node_modules/firebase-admin/lib/index.js"} {"metadata":{"emulator":{"name":"functions"},"function":{"name":"api"},"message":"[runtime-status] [13250] Resolved module firebase-admin {\"declared\":true,\"installed\":true,\"version\":\"9.6.0\",\"resolution\":\"/home/kazi/Desktop/J/amazon_clone/functions/node_modules/firebase-admin/lib/index.js\"}"}}
[debug] [2021-04-06T19:20:54.578Z] [runtime-status] [13250] Resolved module firebase-functions {"declared":true,"installed":true,"version":"3.13.2","resolution":"/home/kazi/Desktop/J/amazon_clone/functions/node_modules/firebase-functions/lib/index.js"} {"metadata":{"emulator":{"name":"functions"},"function":{"name":"api"},"message":"[runtime-status] [13250] Resolved module firebase-functions {\"declared\":true,\"installed\":true,\"version\":\"3.13.2\",\"resolution\":\"/home/kazi/Desktop/J/amazon_clone/functions/node_modules/firebase-functions/lib/index.js\"}"}}
[debug] [2021-04-06T19:20:54.578Z] [runtime-status] [13250] Resolved module firebase-functions {"declared":true,"installed":true,"version":"3.13.2","resolution":"/home/kazi/Desktop/J/amazon_clone/functions/node_modules/firebase-functions/lib/index.js"} {"metadata":{"emulator":{"name":"functions"},"function":{"name":"api"},"message":"[runtime-status] [13250] Resolved module firebase-functions {\"declared\":true,\"installed\":true,\"version\":\"3.13.2\",\"resolution\":\"/home/kazi/Desktop/J/amazon_clone/functions/node_modules/firebase-functions/lib/index.js\"}"}}
[debug] [2021-04-06T19:20:54.580Z] [runtime-status] [13250] Outgoing network have been stubbed. [{"name":"http","status":"mocked"},{"name":"http","status":"mocked"},{"name":"https","status":"mocked"},{"name":"https","status":"mocked"},{"name":"net","status":"mocked"}] {"metadata":{"emulator":{"name":"functions"},"function":{"name":"api"},"message":"[runtime-status] [13250] Outgoing network have been stubbed. [{\"name\":\"http\",\"status\":\"mocked\"},{\"name\":\"http\",\"status\":\"mocked\"},{\"name\":\"https\",\"status\":\"mocked\"},{\"name\":\"https\",\"status\":\"mocked\"},{\"name\":\"net\",\"status\":\"mocked\"}]"}}
[debug] [2021-04-06T19:20:54.582Z] [runtime-status] [13250] Resolved module firebase-functions {"declared":true,"installed":true,"version":"3.13.2","resolution":"/home/kazi/Desktop/J/amazon_clone/functions/node_modules/firebase-functions/lib/index.js"} {"metadata":{"emulator":{"name":"functions"},"function":{"name":"api"},"message":"[runtime-status] [13250] Resolved module firebase-functions {\"declared\":true,\"installed\":true,\"version\":\"3.13.2\",\"resolution\":\"/home/kazi/Desktop/J/amazon_clone/functions/node_modules/firebase-functions/lib/index.js\"}"}}
[debug] [2021-04-06T19:20:54.627Z] [runtime-status] [13250] Checked functions.config() {"config":{}} {"metadata":{"emulator":{"name":"functions"},"function":{"name":"api"},"message":"[runtime-status] [13250] Checked functions.config() {\"config\":{}}"}}
[debug] [2021-04-06T19:20:54.631Z] [runtime-status] [13250] firebase-functions has been stubbed. {"functionsResolution":{"declared":true,"installed":true,"version":"3.13.2","resolution":"/home/kazi/Desktop/J/amazon_clone/functions/node_modules/firebase-functions/lib/index.js"}} {"metadata":{"emulator":{"name":"functions"},"function":{"name":"api"},"message":"[runtime-status] [13250] firebase-functions has been stubbed. {\"functionsResolution\":{\"declared\":true,\"installed\":true,\"version\":\"3.13.2\",\"resolution\":\"/home/kazi/Desktop/J/amazon_clone/functions/node_modules/firebase-functions/lib/index.js\"}}"}}
[debug] [2021-04-06T19:20:54.634Z] [runtime-status] [13250] Resolved module firebase-functions {"declared":true,"installed":true,"version":"3.13.2","resolution":"/home/kazi/Desktop/J/amazon_clone/functions/node_modules/firebase-functions/lib/index.js"} {"metadata":{"emulator":{"name":"functions"},"function":{"name":"api"},"message":"[runtime-status] [13250] Resolved module firebase-functions {\"declared\":true,\"installed\":true,\"version\":\"3.13.2\",\"resolution\":\"/home/kazi/Desktop/J/amazon_clone/functions/node_modules/firebase-functions/lib/index.js\"}"}}
[debug] [2021-04-06T19:20:54.637Z] [runtime-status] [13250] Resolved module firebase-admin {"declared":true,"installed":true,"version":"9.6.0","resolution":"/home/kazi/Desktop/J/amazon_clone/functions/node_modules/firebase-admin/lib/index.js"} {"metadata":{"emulator":{"name":"functions"},"function":{"name":"api"},"message":"[runtime-status] [13250] Resolved module firebase-admin {\"declared\":true,\"installed\":true,\"version\":\"9.6.0\",\"resolution\":\"/home/kazi/Desktop/J/amazon_clone/functions/node_modules/firebase-admin/lib/index.js\"}"}}
[debug] [2021-04-06T19:20:54.638Z] [runtime-status] [13250] Resolved module firebase-functions {"declared":true,"installed":true,"version":"3.13.2","resolution":"/home/kazi/Desktop/J/amazon_clone/functions/node_modules/firebase-functions/lib/index.js"} {"metadata":{"emulator":{"name":"functions"},"function":{"name":"api"},"message":"[runtime-status] [13250] Resolved module firebase-functions {\"declared\":true,\"installed\":true,\"version\":\"3.13.2\",\"resolution\":\"/home/kazi/Desktop/J/amazon_clone/functions/node_modules/firebase-functions/lib/index.js\"}"}}
[debug] [2021-04-06T19:20:54.639Z] [runtime-status] [13250] firebase-admin has been stubbed. {"adminResolution":{"declared":true,"installed":true,"version":"9.6.0","resolution":"/home/kazi/Desktop/J/amazon_clone/functions/node_modules/firebase-admin/lib/index.js"}} {"metadata":{"emulator":{"name":"functions"},"function":{"name":"api"},"message":"[runtime-status] [13250] firebase-admin has been stubbed. {\"adminResolution\":{\"declared\":true,\"installed\":true,\"version\":\"9.6.0\",\"resolution\":\"/home/kazi/Desktop/J/amazon_clone/functions/node_modules/firebase-admin/lib/index.js\"}}"}}
[debug] [2021-04-06T19:20:54.750Z] [runtime-status] [13250] Trigger "api" has been found, beginning invocation! {"metadata":{"emulator":{"name":"functions"},"function":{"name":"api"},"message":"[runtime-status] [13250] Trigger \"api\" has been found, beginning invocation!"}}
[info] i  functions: Beginning execution of "api" {"metadata":{"emulator":{"name":"functions"},"function":{"name":"api"},"message":"Beginning execution of \"api\""}}
[debug] [2021-04-06T19:20:54.753Z] [runtime-status] [13250] triggerDefinition {"httpsTrigger":{},"name":"api","entryPoint":"api"} {"metadata":{"emulator":{"name":"functions"},"function":{"name":"api"},"message":"[runtime-status] [13250] triggerDefinition {\"httpsTrigger\":{},\"name\":\"api\",\"entryPoint\":\"api\"}"}}
[debug] [2021-04-06T19:20:54.753Z] [runtime-status] [13250] Running api in mode HTTPS {"metadata":{"emulator":{"name":"functions"},"function":{"name":"api"},"message":"[runtime-status] [13250] Running api in mode HTTPS"}}
[debug] [2021-04-06T19:20:54.757Z] [runtime-status] [13250] Attempting to listen to socketPath: /tmp/fire_emu_13250.sock {"metadata":{"emulator":{"name":"functions"},"function":{"name":"api"},"message":"[runtime-status] [13250] Attempting to listen to socketPath: /tmp/fire_emu_13250.sock"}}
[debug] [2021-04-06T19:20:54.762Z] [functions] Runtime ready! Sending request! {"metadata":{"emulator":{"name":"functions"},"message":"[functions] Runtime ready! Sending request!"}}
[debug] [2021-04-06T19:20:54.765Z] [functions] Got req.url=/clone-44c8b/us-central1/api/payments/create?total=207177, mapping to path=/payments/create?total=207177 {"metadata":{"emulator":{"name":"functions"},"message":"[functions] Got req.url=/clone-44c8b/us-central1/api/payments/create?total=207177, mapping to path=/payments/create?total=207177"}}
[debug] [2021-04-06T19:20:54.796Z] [runtime-status] [13250] Ephemeral server handling POST request {"metadata":{"emulator":{"name":"functions"},"function":{"name":"api"},"message":"[runtime-status] [13250] Ephemeral server handling POST request"}}
[info] >  payment total  207177 {"user":"payment total  207177","metadata":{"emulator":{"name":"functions"},"function":{"name":"api"},"message":"\u001b[90m> \u001b[39m payment total  207177"}}
[debug] [2021-04-06T19:20:54.811Z] [runtime-status] [13250] Ephemeral server survived. {"metadata":{"emulator":{"name":"functions"},"function":{"name":"api"},"message":"[runtime-status] [13250] Ephemeral server survived."}}
[info] i  functions: Finished "api" in ~1s {"metadata":{"emulator":{"name":"functions"},"function":{"name":"api"},"message":"Finished \"api\" in ~1s"}}
[debug] [2021-04-06T19:20:56.343Z] [worker-api-f15ba8ab-c123-4c5c-9789-7fdec709141e]: IDLE {"metadata":{"emulator":{"name":"functions"},"message":"[worker-api-f15ba8ab-c123-4c5c-9789-7fdec709141e]: IDLE"}}
[debug] [2021-04-06T19:20:56.346Z] [work-queue] {"queueLength":0,"workRunningCount":0}
[debug] [2021-04-06T19:21:10.497Z] [work-queue] {"queueLength":1,"workRunningCount":0}
[debug] [2021-04-06T19:21:10.498Z] [work-queue] {"queueLength":0,"workRunningCount":1}
[debug] [2021-04-06T19:21:10.498Z] Accepted request POST /clone-44c8b/us-central1/api/payments/create?total=0 --> api
[debug] [2021-04-06T19:21:10.499Z] [worker-pool] submitWork(triggerId=api) {"metadata":{"emulator":{"name":"functions"},"message":"[worker-pool] submitWork(triggerId=api)"}}
[debug] [2021-04-06T19:21:10.501Z] [worker-api-f15ba8ab-c123-4c5c-9789-7fdec709141e]: Assigning socketPath: /tmp/fire_emu_13250.sock {"metadata":{"emulator":{"name":"functions"},"message":"[worker-api-f15ba8ab-c123-4c5c-9789-7fdec709141e]: Assigning socketPath: /tmp/fire_emu_13250.sock"}}
[debug] [2021-04-06T19:21:10.502Z] [worker-api-f15ba8ab-c123-4c5c-9789-7fdec709141e]: BUSY {"metadata":{"emulator":{"name":"functions"},"message":"[worker-api-f15ba8ab-c123-4c5c-9789-7fdec709141e]: BUSY"}}
[debug] [2021-04-06T19:21:10.506Z] [runtime-status] [13250] Trigger "api" has been found, beginning invocation! {"metadata":{"emulator":{"name":"functions"},"function":{"name":"api"},"message":"[runtime-status] [13250] Trigger \"api\" has been found, beginning invocation!"}}
[info] i  functions: Beginning execution of "api" {"metadata":{"emulator":{"name":"functions"},"function":{"name":"api"},"message":"Beginning execution of \"api\""}}
[debug] [2021-04-06T19:21:10.507Z] [runtime-status] [13250] triggerDefinition {"httpsTrigger":{},"name":"api","entryPoint":"api"} {"metadata":{"emulator":{"name":"functions"},"function":{"name":"api"},"message":"[runtime-status] [13250] triggerDefinition {\"httpsTrigger\":{},\"name\":\"api\",\"entryPoint\":\"api\"}"}}
[debug] [2021-04-06T19:21:10.507Z] [runtime-status] [13250] Running api in mode HTTPS {"metadata":{"emulator":{"name":"functions"},"function":{"name":"api"},"message":"[runtime-status] [13250] Running api in mode HTTPS"}}
[debug] [2021-04-06T19:21:10.507Z] [runtime-status] [13250] Attempting to listen to socketPath: /tmp/fire_emu_13250.sock {"metadata":{"emulator":{"name":"functions"},"function":{"name":"api"},"message":"[runtime-status] [13250] Attempting to listen to socketPath: /tmp/fire_emu_13250.sock"}}
[debug] [2021-04-06T19:21:10.508Z] [functions] Runtime ready! Sending request! {"metadata":{"emulator":{"name":"functions"},"message":"[functions] Runtime ready! Sending request!"}}
[debug] [2021-04-06T19:21:10.509Z] [functions] Got req.url=/clone-44c8b/us-central1/api/payments/create?total=0, mapping to path=/payments/create?total=0 {"metadata":{"emulator":{"name":"functions"},"message":"[functions] Got req.url=/clone-44c8b/us-central1/api/payments/create?total=0, mapping to path=/payments/create?total=0"}}
[debug] [2021-04-06T19:21:10.520Z] [runtime-status] [13250] Ephemeral server handling POST request {"metadata":{"emulator":{"name":"functions"},"function":{"name":"api"},"message":"[runtime-status] [13250] Ephemeral server handling POST request"}}
[debug] [2021-04-06T19:21:10.522Z] [runtime-status] [13250] Ephemeral server survived. {"metadata":{"emulator":{"name":"functions"},"function":{"name":"api"},"message":"[runtime-status] [13250] Ephemeral server survived."}}
[info] >  payment total  0 {"user":"payment total  0","metadata":{"emulator":{"name":"functions"},"function":{"name":"api"},"message":"\u001b[90m> \u001b[39m payment total  0"}}
[info] >  (node:13250) UnhandledPromiseRejectionWarning: Error: This value must be greater than or equal to 1. {"user":"(node:13250) UnhandledPromiseRejectionWarning: Error: This value must be greater than or equal to 1.","metadata":{"emulator":{"name":"functions"},"function":{"name":"api"},"message":"\u001b[90m> \u001b[39m (node:13250) UnhandledPromiseRejectionWarning: Error: This value must be greater than or equal to 1."}}
[info] >      at Function.generate (/home/kazi/Desktop/J/amazon_clone/functions/node_modules/stripe/lib/Error.js:40:16) {"user":"    at Function.generate (/home/kazi/Desktop/J/amazon_clone/functions/node_modules/stripe/lib/Error.js:40:16)","metadata":{"emulator":{"name":"functions"},"function":{"name":"api"},"message":"\u001b[90m> \u001b[39m     at Function.generate (/home/kazi/Desktop/J/amazon_clone/functions/node_modules/stripe/lib/Error.js:40:16)"}}
[info] >      at IncomingMessage.<anonymous> (/home/kazi/Desktop/J/amazon_clone/functions/node_modules/stripe/lib/StripeResource.js:180:33) {"user":"    at IncomingMessage.<anonymous> (/home/kazi/Desktop/J/amazon_clone/functions/node_modules/stripe/lib/StripeResource.js:180:33)","metadata":{"emulator":{"name":"functions"},"function":{"name":"api"},"message":"\u001b[90m> \u001b[39m     at IncomingMessage.<anonymous> (/home/kazi/Desktop/J/amazon_clone/functions/node_modules/stripe/lib/StripeResource.js:180:33)"}}
[info] >      at Object.onceWrapper (events.js:420:28) {"user":"    at Object.onceWrapper (events.js:420:28)","metadata":{"emulator":{"name":"functions"},"function":{"name":"api"},"message":"\u001b[90m> \u001b[39m     at Object.onceWrapper (events.js:420:28)"}}
[info] >      at IncomingMessage.emit (events.js:326:22) {"user":"    at IncomingMessage.emit (events.js:326:22)","metadata":{"emulator":{"name":"functions"},"function":{"name":"api"},"message":"\u001b[90m> \u001b[39m     at IncomingMessage.emit (events.js:326:22)"}}
[info] >      at endReadableNT (_stream_readable.js:1241:12) {"user":"    at endReadableNT (_stream_readable.js:1241:12)","metadata":{"emulator":{"name":"functions"},"function":{"name":"api"},"message":"\u001b[90m> \u001b[39m     at endReadableNT (_stream_readable.js:1241:12)"}}
[info] >      at processTicksAndRejections (internal/process/task_queues.js:84:21) {"user":"    at processTicksAndRejections (internal/process/task_queues.js:84:21)","metadata":{"emulator":{"name":"functions"},"function":{"name":"api"},"message":"\u001b[90m> \u001b[39m     at processTicksAndRejections (internal/process/task_queues.js:84:21)"}}
[info] >  (node:13250) UnhandledPromiseRejectionWarning: Unhandled promise rejection. This error originated either by throwing inside of an async function without a catch block, or by rejecting a promise which was not handled with .catch(). To terminate the node process on unhandled promise rejection, use the CLI flag `--unhandled-rejections=strict` (see https://nodejs.org/api/cli.html#cli_unhandled_rejections_mode). (rejection id: 1) {"user":"(node:13250) UnhandledPromiseRejectionWarning: Unhandled promise rejection. This error originated either by throwing inside of an async function without a catch block, or by rejecting a promise which was not handled with .catch(). To terminate the node process on unhandled promise rejection, use the CLI flag `--unhandled-rejections=strict` (see https://nodejs.org/api/cli.html#cli_unhandled_rejections_mode). (rejection id: 1)","metadata":{"emulator":{"name":"functions"},"function":{"name":"api"},"message":"\u001b[90m> \u001b[39m (node:13250) UnhandledPromiseRejectionWarning: Unhandled promise rejection. This error originated either by throwing inside of an async function without a catch block, or by rejecting a promise which was not handled with .catch(). To terminate the node process on unhandled promise rejection, use the CLI flag `--unhandled-rejections=strict` (see https://nodejs.org/api/cli.html#cli_unhandled_rejections_mode). (rejection id: 1)"}}
[info] >  (node:13250) [DEP0018] DeprecationWarning: Unhandled promise rejections are deprecated. In the future, promise rejections that are not handled will terminate the Node.js process with a non-zero exit code. {"user":"(node:13250) [DEP0018] DeprecationWarning: Unhandled promise rejections are deprecated. In the future, promise rejections that are not handled will terminate the Node.js process with a non-zero exit code.","metadata":{"emulator":{"name":"functions"},"function":{"name":"api"},"message":"\u001b[90m> \u001b[39m (node:13250) [DEP0018] DeprecationWarning: Unhandled promise rejections are deprecated. In the future, promise rejections that are not handled will terminate the Node.js process with a non-zero exit code."}}
[warn] ⚠  functions: Your function timed out after ~60s. To configure this timeout, see
      https://firebase.google.com/docs/functions/manage-functions#set_timeout_and_memory_allocation. {"metadata":{"emulator":{"name":"functions"},"function":{"name":"api"},"message":"Your function timed out after ~60s. To configure this timeout, see\n      https://firebase.google.com/docs/functions/manage-functions#set_timeout_and_memory_allocation."}}
[info] >  /usr/local/lib/node_modules/firebase-tools/lib/emulator/functionsEmulatorRuntime.js:644 {"user":"/usr/local/lib/node_modules/firebase-tools/lib/emulator/functionsEmulatorRuntime.js:644","metadata":{"emulator":{"name":"functions"},"function":{"name":"api"},"message":"\u001b[90m> \u001b[39m /usr/local/lib/node_modules/firebase-tools/lib/emulator/functionsEmulatorRuntime.js:644"}}
[info] >              throw new Error("Function timed out."); {"user":"            throw new Error(\"Function timed out.\");","metadata":{"emulator":{"name":"functions"},"function":{"name":"api"},"message":"\u001b[90m> \u001b[39m             throw new Error(\"Function timed out.\");"}}
[info] >              ^ {"user":"            ^","metadata":{"emulator":{"name":"functions"},"function":{"name":"api"},"message":"\u001b[90m> \u001b[39m             ^"}}
[info] >   {"user":"","metadata":{"emulator":{"name":"functions"},"function":{"name":"api"},"message":"\u001b[90m> \u001b[39m "}}
[info] >  Error: Function timed out. {"user":"Error: Function timed out.","metadata":{"emulator":{"name":"functions"},"function":{"name":"api"},"message":"\u001b[90m> \u001b[39m Error: Function timed out."}}
[info] >      at Timeout._onTimeout (/usr/local/lib/node_modules/firebase-tools/lib/emulator/functionsEmulatorRuntime.js:644:19) {"user":"    at Timeout._onTimeout (/usr/local/lib/node_modules/firebase-tools/lib/emulator/functionsEmulatorRuntime.js:644:19)","metadata":{"emulator":{"name":"functions"},"function":{"name":"api"},"message":"\u001b[90m> \u001b[39m     at Timeout._onTimeout (/usr/local/lib/node_modules/firebase-tools/lib/emulator/functionsEmulatorRuntime.js:644:19)"}}
[info] >      at listOnTimeout (internal/timers.js:554:17) {"user":"    at listOnTimeout (internal/timers.js:554:17)","metadata":{"emulator":{"name":"functions"},"function":{"name":"api"},"message":"\u001b[90m> \u001b[39m     at listOnTimeout (internal/timers.js:554:17)"}}
[info] >      at processTimers (internal/timers.js:497:7) {"user":"    at processTimers (internal/timers.js:497:7)","metadata":{"emulator":{"name":"functions"},"function":{"name":"api"},"message":"\u001b[90m> \u001b[39m     at processTimers (internal/timers.js:497:7)"}}
[debug] [2021-04-06T19:22:10.559Z] [worker-api-f15ba8ab-c123-4c5c-9789-7fdec709141e]: exited {"metadata":{"emulator":{"name":"functions"},"message":"[worker-api-f15ba8ab-c123-4c5c-9789-7fdec709141e]: exited"}}
[debug] [2021-04-06T19:22:10.559Z] [worker-api-f15ba8ab-c123-4c5c-9789-7fdec709141e]: FINISHED {"metadata":{"emulator":{"name":"functions"},"message":"[worker-api-f15ba8ab-c123-4c5c-9789-7fdec709141e]: FINISHED"}}
[debug] [2021-04-06T19:22:10.560Z] [work-queue] {"queueLength":0,"workRunningCount":0}
[debug] [2021-04-06T19:29:54.522Z] [work-queue] {"queueLength":1,"workRunningCount":0}
[debug] [2021-04-06T19:29:54.522Z] [work-queue] {"queueLength":0,"workRunningCount":1}
[debug] [2021-04-06T19:29:54.523Z] Accepted request POST /clone-44c8b/us-central1/api/payments/create?total=107099 --> api
[debug] [2021-04-06T19:29:54.523Z] [worker-pool] Cleaned up workers for api: 1 --> 0 {"metadata":{"emulator":{"name":"functions"},"message":"[worker-pool] Cleaned up workers for api: 1 --> 0"}}
[debug] [2021-04-06T19:29:54.529Z] [worker-pool] addWorker(api) {"metadata":{"emulator":{"name":"functions"},"message":"[worker-pool] addWorker(api)"}}
[debug] [2021-04-06T19:29:54.529Z] [worker-pool] Adding worker with key api, total=1 {"metadata":{"emulator":{"name":"functions"},"message":"[worker-pool] Adding worker with key api, total=1"}}
[debug] [2021-04-06T19:29:54.529Z] [worker-pool] submitWork(triggerId=api) {"metadata":{"emulator":{"name":"functions"},"message":"[worker-pool] submitWork(triggerId=api)"}}
[debug] [2021-04-06T19:29:54.530Z] [worker-api-be48ad5a-44bd-4c13-8a27-78e10b56f63b]: Assigning socketPath: /tmp/fire_emu_15360.sock {"metadata":{"emulator":{"name":"functions"},"message":"[worker-api-be48ad5a-44bd-4c13-8a27-78e10b56f63b]: Assigning socketPath: /tmp/fire_emu_15360.sock"}}
[debug] [2021-04-06T19:29:54.530Z] [worker-api-be48ad5a-44bd-4c13-8a27-78e10b56f63b]: BUSY {"metadata":{"emulator":{"name":"functions"},"message":"[worker-api-be48ad5a-44bd-4c13-8a27-78e10b56f63b]: BUSY"}}
[debug] [2021-04-06T19:29:54.690Z] [runtime-status] [15360] Functions runtime initialized. {"cwd":"/home/kazi/Desktop/J/amazon_clone/functions","node_version":"12.22.0"} {"metadata":{"emulator":{"name":"functions"},"function":{"name":"api"},"message":"[runtime-status] [15360] Functions runtime initialized. {\"cwd\":\"/home/kazi/Desktop/J/amazon_clone/functions\",\"node_version\":\"12.22.0\"}"}}
[debug] [2021-04-06T19:29:54.693Z] [runtime-status] [15360] Disabled runtime features: undefined {"metadata":{"emulator":{"name":"functions"},"function":{"name":"api"},"message":"[runtime-status] [15360] Disabled runtime features: undefined"}}
[debug] [2021-04-06T19:29:54.695Z] [runtime-status] [15360] Resolved module firebase-admin {"declared":true,"installed":true,"version":"9.6.0","resolution":"/home/kazi/Desktop/J/amazon_clone/functions/node_modules/firebase-admin/lib/index.js"} {"metadata":{"emulator":{"name":"functions"},"function":{"name":"api"},"message":"[runtime-status] [15360] Resolved module firebase-admin {\"declared\":true,\"installed\":true,\"version\":\"9.6.0\",\"resolution\":\"/home/kazi/Desktop/J/amazon_clone/functions/node_modules/firebase-admin/lib/index.js\"}"}}
[debug] [2021-04-06T19:29:54.696Z] [runtime-status] [15360] Resolved module firebase-functions {"declared":true,"installed":true,"version":"3.13.2","resolution":"/home/kazi/Desktop/J/amazon_clone/functions/node_modules/firebase-functions/lib/index.js"} {"metadata":{"emulator":{"name":"functions"},"function":{"name":"api"},"message":"[runtime-status] [15360] Resolved module firebase-functions {\"declared\":true,\"installed\":true,\"version\":\"3.13.2\",\"resolution\":\"/home/kazi/Desktop/J/amazon_clone/functions/node_modules/firebase-functions/lib/index.js\"}"}}
[debug] [2021-04-06T19:29:54.697Z] [runtime-status] [15360] Resolved module firebase-functions {"declared":true,"installed":true,"version":"3.13.2","resolution":"/home/kazi/Desktop/J/amazon_clone/functions/node_modules/firebase-functions/lib/index.js"} {"metadata":{"emulator":{"name":"functions"},"function":{"name":"api"},"message":"[runtime-status] [15360] Resolved module firebase-functions {\"declared\":true,\"installed\":true,\"version\":\"3.13.2\",\"resolution\":\"/home/kazi/Desktop/J/amazon_clone/functions/node_modules/firebase-functions/lib/index.js\"}"}}
[debug] [2021-04-06T19:29:54.700Z] [runtime-status] [15360] Outgoing network have been stubbed. [{"name":"http","status":"mocked"},{"name":"http","status":"mocked"},{"name":"https","status":"mocked"},{"name":"https","status":"mocked"},{"name":"net","status":"mocked"}] {"metadata":{"emulator":{"name":"functions"},"function":{"name":"api"},"message":"[runtime-status] [15360] Outgoing network have been stubbed. [{\"name\":\"http\",\"status\":\"mocked\"},{\"name\":\"http\",\"status\":\"mocked\"},{\"name\":\"https\",\"status\":\"mocked\"},{\"name\":\"https\",\"status\":\"mocked\"},{\"name\":\"net\",\"status\":\"mocked\"}]"}}
[debug] [2021-04-06T19:29:54.701Z] [runtime-status] [15360] Resolved module firebase-functions {"declared":true,"installed":true,"version":"3.13.2","resolution":"/home/kazi/Desktop/J/amazon_clone/functions/node_modules/firebase-functions/lib/index.js"} {"metadata":{"emulator":{"name":"functions"},"function":{"name":"api"},"message":"[runtime-status] [15360] Resolved module firebase-functions {\"declared\":true,\"installed\":true,\"version\":\"3.13.2\",\"resolution\":\"/home/kazi/Desktop/J/amazon_clone/functions/node_modules/firebase-functions/lib/index.js\"}"}}
[debug] [2021-04-06T19:29:54.737Z] [runtime-status] [15360] Checked functions.config() {"config":{}} {"metadata":{"emulator":{"name":"functions"},"function":{"name":"api"},"message":"[runtime-status] [15360] Checked functions.config() {\"config\":{}}"}}
[debug] [2021-04-06T19:29:54.737Z] [runtime-status] [15360] firebase-functions has been stubbed. {"functionsResolution":{"declared":true,"installed":true,"version":"3.13.2","resolution":"/home/kazi/Desktop/J/amazon_clone/functions/node_modules/firebase-functions/lib/index.js"}} {"metadata":{"emulator":{"name":"functions"},"function":{"name":"api"},"message":"[runtime-status] [15360] firebase-functions has been stubbed. {\"functionsResolution\":{\"declared\":true,\"installed\":true,\"version\":\"3.13.2\",\"resolution\":\"/home/kazi/Desktop/J/amazon_clone/functions/node_modules/firebase-functions/lib/index.js\"}}"}}
[debug] [2021-04-06T19:29:54.738Z] [runtime-status] [15360] Resolved module firebase-functions {"declared":true,"installed":true,"version":"3.13.2","resolution":"/home/kazi/Desktop/J/amazon_clone/functions/node_modules/firebase-functions/lib/index.js"} {"metadata":{"emulator":{"name":"functions"},"function":{"name":"api"},"message":"[runtime-status] [15360] Resolved module firebase-functions {\"declared\":true,\"installed\":true,\"version\":\"3.13.2\",\"resolution\":\"/home/kazi/Desktop/J/amazon_clone/functions/node_modules/firebase-functions/lib/index.js\"}"}}
[debug] [2021-04-06T19:29:54.739Z] [runtime-status] [15360] Resolved module firebase-admin {"declared":true,"installed":true,"version":"9.6.0","resolution":"/home/kazi/Desktop/J/amazon_clone/functions/node_modules/firebase-admin/lib/index.js"} {"metadata":{"emulator":{"name":"functions"},"function":{"name":"api"},"message":"[runtime-status] [15360] Resolved module firebase-admin {\"declared\":true,\"installed\":true,\"version\":\"9.6.0\",\"resolution\":\"/home/kazi/Desktop/J/amazon_clone/functions/node_modules/firebase-admin/lib/index.js\"}"}}
[debug] [2021-04-06T19:29:54.739Z] [runtime-status] [15360] Resolved module firebase-functions {"declared":true,"installed":true,"version":"3.13.2","resolution":"/home/kazi/Desktop/J/amazon_clone/functions/node_modules/firebase-functions/lib/index.js"} {"metadata":{"emulator":{"name":"functions"},"function":{"name":"api"},"message":"[runtime-status] [15360] Resolved module firebase-functions {\"declared\":true,\"installed\":true,\"version\":\"3.13.2\",\"resolution\":\"/home/kazi/Desktop/J/amazon_clone/functions/node_modules/firebase-functions/lib/index.js\"}"}}
[debug] [2021-04-06T19:29:54.739Z] [runtime-status] [15360] firebase-admin has been stubbed. {"adminResolution":{"declared":true,"installed":true,"version":"9.6.0","resolution":"/home/kazi/Desktop/J/amazon_clone/functions/node_modules/firebase-admin/lib/index.js"}} {"metadata":{"emulator":{"name":"functions"},"function":{"name":"api"},"message":"[runtime-status] [15360] firebase-admin has been stubbed. {\"adminResolution\":{\"declared\":true,\"installed\":true,\"version\":\"9.6.0\",\"resolution\":\"/home/kazi/Desktop/J/amazon_clone/functions/node_modules/firebase-admin/lib/index.js\"}}"}}
[debug] [2021-04-06T19:29:54.826Z] [runtime-status] [15360] Trigger "api" has been found, beginning invocation! {"metadata":{"emulator":{"name":"functions"},"function":{"name":"api"},"message":"[runtime-status] [15360] Trigger \"api\" has been found, beginning invocation!"}}
[info] i  functions: Beginning execution of "api" {"metadata":{"emulator":{"name":"functions"},"function":{"name":"api"},"message":"Beginning execution of \"api\""}}
[debug] [2021-04-06T19:29:54.827Z] [runtime-status] [15360] triggerDefinition {"httpsTrigger":{},"name":"api","entryPoint":"api"} {"metadata":{"emulator":{"name":"functions"},"function":{"name":"api"},"message":"[runtime-status] [15360] triggerDefinition {\"httpsTrigger\":{},\"name\":\"api\",\"entryPoint\":\"api\"}"}}
[debug] [2021-04-06T19:29:54.827Z] [runtime-status] [15360] Running api in mode HTTPS {"metadata":{"emulator":{"name":"functions"},"function":{"name":"api"},"message":"[runtime-status] [15360] Running api in mode HTTPS"}}
[debug] [2021-04-06T19:29:54.833Z] [runtime-status] [15360] Attempting to listen to socketPath: /tmp/fire_emu_15360.sock {"metadata":{"emulator":{"name":"functions"},"function":{"name":"api"},"message":"[runtime-status] [15360] Attempting to listen to socketPath: /tmp/fire_emu_15360.sock"}}
[debug] [2021-04-06T19:29:54.836Z] [functions] Runtime ready! Sending request! {"metadata":{"emulator":{"name":"functions"},"message":"[functions] Runtime ready! Sending request!"}}
[debug] [2021-04-06T19:29:54.836Z] [functions] Got req.url=/clone-44c8b/us-central1/api/payments/create?total=107099, mapping to path=/payments/create?total=107099 {"metadata":{"emulator":{"name":"functions"},"message":"[functions] Got req.url=/clone-44c8b/us-central1/api/payments/create?total=107099, mapping to path=/payments/create?total=107099"}}
[debug] [2021-04-06T19:29:54.849Z] [runtime-status] [15360] Ephemeral server handling POST request {"metadata":{"emulator":{"name":"functions"},"function":{"name":"api"},"message":"[runtime-status] [15360] Ephemeral server handling POST request"}}
[info] >  payment total  107099 {"user":"payment total  107099","metadata":{"emulator":{"name":"functions"},"function":{"name":"api"},"message":"\u001b[90m> \u001b[39m payment total  107099"}}
[debug] [2021-04-06T19:29:54.891Z] [runtime-status] [15360] Ephemeral server survived. {"metadata":{"emulator":{"name":"functions"},"function":{"name":"api"},"message":"[runtime-status] [15360] Ephemeral server survived."}}
[info] i  functions: Finished "api" in ~1s {"metadata":{"emulator":{"name":"functions"},"function":{"name":"api"},"message":"Finished \"api\" in ~1s"}}
[debug] [2021-04-06T19:29:56.643Z] [worker-api-be48ad5a-44bd-4c13-8a27-78e10b56f63b]: IDLE {"metadata":{"emulator":{"name":"functions"},"message":"[worker-api-be48ad5a-44bd-4c13-8a27-78e10b56f63b]: IDLE"}}
[debug] [2021-04-06T19:29:56.645Z] [work-queue] {"queueLength":0,"workRunningCount":0}
[debug] [2021-04-06T19:29:58.532Z] [work-queue] {"queueLength":1,"workRunningCount":0}
[debug] [2021-04-06T19:29:58.534Z] [work-queue] {"queueLength":0,"workRunningCount":1}
[debug] [2021-04-06T19:29:58.534Z] Accepted request POST /clone-44c8b/us-central1/api/payments/create?total=0 --> api
[debug] [2021-04-06T19:29:58.536Z] [worker-pool] submitWork(triggerId=api) {"metadata":{"emulator":{"name":"functions"},"message":"[worker-pool] submitWork(triggerId=api)"}}
[debug] [2021-04-06T19:29:58.537Z] [worker-api-be48ad5a-44bd-4c13-8a27-78e10b56f63b]: Assigning socketPath: /tmp/fire_emu_15360.sock {"metadata":{"emulator":{"name":"functions"},"message":"[worker-api-be48ad5a-44bd-4c13-8a27-78e10b56f63b]: Assigning socketPath: /tmp/fire_emu_15360.sock"}}
[debug] [2021-04-06T19:29:58.538Z] [worker-api-be48ad5a-44bd-4c13-8a27-78e10b56f63b]: BUSY {"metadata":{"emulator":{"name":"functions"},"message":"[worker-api-be48ad5a-44bd-4c13-8a27-78e10b56f63b]: BUSY"}}
[debug] [2021-04-06T19:29:58.551Z] [runtime-status] [15360] Trigger "api" has been found, beginning invocation! {"metadata":{"emulator":{"name":"functions"},"function":{"name":"api"},"message":"[runtime-status] [15360] Trigger \"api\" has been found, beginning invocation!"}}
[info] i  functions: Beginning execution of "api" {"metadata":{"emulator":{"name":"functions"},"function":{"name":"api"},"message":"Beginning execution of \"api\""}}
[debug] [2021-04-06T19:29:58.554Z] [runtime-status] [15360] triggerDefinition {"httpsTrigger":{},"name":"api","entryPoint":"api"} {"metadata":{"emulator":{"name":"functions"},"function":{"name":"api"},"message":"[runtime-status] [15360] triggerDefinition {\"httpsTrigger\":{},\"name\":\"api\",\"entryPoint\":\"api\"}"}}
[debug] [2021-04-06T19:29:58.555Z] [runtime-status] [15360] Running api in mode HTTPS {"metadata":{"emulator":{"name":"functions"},"function":{"name":"api"},"message":"[runtime-status] [15360] Running api in mode HTTPS"}}
[debug] [2021-04-06T19:29:58.558Z] [runtime-status] [15360] Attempting to listen to socketPath: /tmp/fire_emu_15360.sock {"metadata":{"emulator":{"name":"functions"},"function":{"name":"api"},"message":"[runtime-status] [15360] Attempting to listen to socketPath: /tmp/fire_emu_15360.sock"}}
[debug] [2021-04-06T19:29:58.562Z] [functions] Runtime ready! Sending request! {"metadata":{"emulator":{"name":"functions"},"message":"[functions] Runtime ready! Sending request!"}}
[debug] [2021-04-06T19:29:58.563Z] [functions] Got req.url=/clone-44c8b/us-central1/api/payments/create?total=0, mapping to path=/payments/create?total=0 {"metadata":{"emulator":{"name":"functions"},"message":"[functions] Got req.url=/clone-44c8b/us-central1/api/payments/create?total=0, mapping to path=/payments/create?total=0"}}
[debug] [2021-04-06T19:29:58.573Z] [runtime-status] [15360] Ephemeral server handling POST request {"metadata":{"emulator":{"name":"functions"},"function":{"name":"api"},"message":"[runtime-status] [15360] Ephemeral server handling POST request"}}
[info] >  payment total  0 {"user":"payment total  0","metadata":{"emulator":{"name":"functions"},"function":{"name":"api"},"message":"\u001b[90m> \u001b[39m payment total  0"}}
[debug] [2021-04-06T19:29:58.575Z] [runtime-status] [15360] Ephemeral server survived. {"metadata":{"emulator":{"name":"functions"},"function":{"name":"api"},"message":"[runtime-status] [15360] Ephemeral server survived."}}
[info] >  (node:15360) UnhandledPromiseRejectionWarning: Error: This value must be greater than or equal to 1. {"user":"(node:15360) UnhandledPromiseRejectionWarning: Error: This value must be greater than or equal to 1.","metadata":{"emulator":{"name":"functions"},"function":{"name":"api"},"message":"\u001b[90m> \u001b[39m (node:15360) UnhandledPromiseRejectionWarning: Error: This value must be greater than or equal to 1."}}
[info] >      at Function.generate (/home/kazi/Desktop/J/amazon_clone/functions/node_modules/stripe/lib/Error.js:40:16) {"user":"    at Function.generate (/home/kazi/Desktop/J/amazon_clone/functions/node_modules/stripe/lib/Error.js:40:16)","metadata":{"emulator":{"name":"functions"},"function":{"name":"api"},"message":"\u001b[90m> \u001b[39m     at Function.generate (/home/kazi/Desktop/J/amazon_clone/functions/node_modules/stripe/lib/Error.js:40:16)"}}
[info] >      at IncomingMessage.<anonymous> (/home/kazi/Desktop/J/amazon_clone/functions/node_modules/stripe/lib/StripeResource.js:180:33) {"user":"    at IncomingMessage.<anonymous> (/home/kazi/Desktop/J/amazon_clone/functions/node_modules/stripe/lib/StripeResource.js:180:33)","metadata":{"emulator":{"name":"functions"},"function":{"name":"api"},"message":"\u001b[90m> \u001b[39m     at IncomingMessage.<anonymous> (/home/kazi/Desktop/J/amazon_clone/functions/node_modules/stripe/lib/StripeResource.js:180:33)"}}
[info] >      at Object.onceWrapper (events.js:420:28) {"user":"    at Object.onceWrapper (events.js:420:28)","metadata":{"emulator":{"name":"functions"},"function":{"name":"api"},"message":"\u001b[90m> \u001b[39m     at Object.onceWrapper (events.js:420:28)"}}
[info] >      at IncomingMessage.emit (events.js:326:22) {"user":"    at IncomingMessage.emit (events.js:326:22)","metadata":{"emulator":{"name":"functions"},"function":{"name":"api"},"message":"\u001b[90m> \u001b[39m     at IncomingMessage.emit (events.js:326:22)"}}
[info] >      at endReadableNT (_stream_readable.js:1241:12) {"user":"    at endReadableNT (_stream_readable.js:1241:12)","metadata":{"emulator":{"name":"functions"},"function":{"name":"api"},"message":"\u001b[90m> \u001b[39m     at endReadableNT (_stream_readable.js:1241:12)"}}
[info] >      at processTicksAndRejections (internal/process/task_queues.js:84:21) {"user":"    at processTicksAndRejections (internal/process/task_queues.js:84:21)","metadata":{"emulator":{"name":"functions"},"function":{"name":"api"},"message":"\u001b[90m> \u001b[39m     at processTicksAndRejections (internal/process/task_queues.js:84:21)"}}
[info] >  (node:15360) UnhandledPromiseRejectionWarning: Unhandled promise rejection. This error originated either by throwing inside of an async function without a catch block, or by rejecting a promise which was not handled with .catch(). To terminate the node process on unhandled promise rejection, use the CLI flag `--unhandled-rejections=strict` (see https://nodejs.org/api/cli.html#cli_unhandled_rejections_mode). (rejection id: 1) {"user":"(node:15360) UnhandledPromiseRejectionWarning: Unhandled promise rejection. This error originated either by throwing inside of an async function without a catch block, or by rejecting a promise which was not handled with .catch(). To terminate the node process on unhandled promise rejection, use the CLI flag `--unhandled-rejections=strict` (see https://nodejs.org/api/cli.html#cli_unhandled_rejections_mode). (rejection id: 1)","metadata":{"emulator":{"name":"functions"},"function":{"name":"api"},"message":"\u001b[90m> \u001b[39m (node:15360) UnhandledPromiseRejectionWarning: Unhandled promise rejection. This error originated either by throwing inside of an async function without a catch block, or by rejecting a promise which was not handled with .catch(). To terminate the node process on unhandled promise rejection, use the CLI flag `--unhandled-rejections=strict` (see https://nodejs.org/api/cli.html#cli_unhandled_rejections_mode). (rejection id: 1)"}}
[info] >  (node:15360) [DEP0018] DeprecationWarning: Unhandled promise rejections are deprecated. In the future, promise rejections that are not handled will terminate the Node.js process with a non-zero exit code. {"user":"(node:15360) [DEP0018] DeprecationWarning: Unhandled promise rejections are deprecated. In the future, promise rejections that are not handled will terminate the Node.js process with a non-zero exit code.","metadata":{"emulator":{"name":"functions"},"function":{"name":"api"},"message":"\u001b[90m> \u001b[39m (node:15360) [DEP0018] DeprecationWarning: Unhandled promise rejections are deprecated. In the future, promise rejections that are not handled will terminate the Node.js process with a non-zero exit code."}}
[debug] [2021-04-06T19:30:03.641Z] [work-queue] {"queueLength":1,"workRunningCount":1}
[debug] [2021-04-06T19:30:03.642Z] [work-queue] {"queueLength":0,"workRunningCount":2}
[debug] [2021-04-06T19:30:03.642Z] Accepted request POST /clone-44c8b/us-central1/api/payments/create?total=0 --> api
[debug] [2021-04-06T19:30:03.649Z] [worker-pool] addWorker(api) {"metadata":{"emulator":{"name":"functions"},"message":"[worker-pool] addWorker(api)"}}
[debug] [2021-04-06T19:30:03.649Z] [worker-pool] Adding worker with key api, total=2 {"metadata":{"emulator":{"name":"functions"},"message":"[worker-pool] Adding worker with key api, total=2"}}
[debug] [2021-04-06T19:30:03.649Z] [worker-pool] submitWork(triggerId=api) {"metadata":{"emulator":{"name":"functions"},"message":"[worker-pool] submitWork(triggerId=api)"}}
[debug] [2021-04-06T19:30:03.650Z] [worker-api-d312a29a-f220-4b9b-96b5-ed01d99e97b8]: Assigning socketPath: /tmp/fire_emu_15384.sock {"metadata":{"emulator":{"name":"functions"},"message":"[worker-api-d312a29a-f220-4b9b-96b5-ed01d99e97b8]: Assigning socketPath: /tmp/fire_emu_15384.sock"}}
[debug] [2021-04-06T19:30:03.650Z] [worker-api-d312a29a-f220-4b9b-96b5-ed01d99e97b8]: BUSY {"metadata":{"emulator":{"name":"functions"},"message":"[worker-api-d312a29a-f220-4b9b-96b5-ed01d99e97b8]: BUSY"}}
[debug] [2021-04-06T19:30:03.944Z] [runtime-status] [15384] Functions runtime initialized. {"cwd":"/home/kazi/Desktop/J/amazon_clone/functions","node_version":"12.22.0"} {"metadata":{"emulator":{"name":"functions"},"function":{"name":"api"},"message":"[runtime-status] [15384] Functions runtime initialized. {\"cwd\":\"/home/kazi/Desktop/J/amazon_clone/functions\",\"node_version\":\"12.22.0\"}"}}
[debug] [2021-04-06T19:30:03.949Z] [runtime-status] [15384] Disabled runtime features: undefined {"metadata":{"emulator":{"name":"functions"},"function":{"name":"api"},"message":"[runtime-status] [15384] Disabled runtime features: undefined"}}
[debug] [2021-04-06T19:30:03.950Z] [runtime-status] [15384] Resolved module firebase-admin {"declared":true,"installed":true,"version":"9.6.0","resolution":"/home/kazi/Desktop/J/amazon_clone/functions/node_modules/firebase-admin/lib/index.js"} {"metadata":{"emulator":{"name":"functions"},"function":{"name":"api"},"message":"[runtime-status] [15384] Resolved module firebase-admin {\"declared\":true,\"installed\":true,\"version\":\"9.6.0\",\"resolution\":\"/home/kazi/Desktop/J/amazon_clone/functions/node_modules/firebase-admin/lib/index.js\"}"}}
[debug] [2021-04-06T19:30:03.951Z] [runtime-status] [15384] Resolved module firebase-functions {"declared":true,"installed":true,"version":"3.13.2","resolution":"/home/kazi/Desktop/J/amazon_clone/functions/node_modules/firebase-functions/lib/index.js"} {"metadata":{"emulator":{"name":"functions"},"function":{"name":"api"},"message":"[runtime-status] [15384] Resolved module firebase-functions {\"declared\":true,\"installed\":true,\"version\":\"3.13.2\",\"resolution\":\"/home/kazi/Desktop/J/amazon_clone/functions/node_modules/firebase-functions/lib/index.js\"}"}}
[debug] [2021-04-06T19:30:03.954Z] [runtime-status] [15384] Resolved module firebase-functions {"declared":true,"installed":true,"version":"3.13.2","resolution":"/home/kazi/Desktop/J/amazon_clone/functions/node_modules/firebase-functions/lib/index.js"} {"metadata":{"emulator":{"name":"functions"},"function":{"name":"api"},"message":"[runtime-status] [15384] Resolved module firebase-functions {\"declared\":true,\"installed\":true,\"version\":\"3.13.2\",\"resolution\":\"/home/kazi/Desktop/J/amazon_clone/functions/node_modules/firebase-functions/lib/index.js\"}"}}
[debug] [2021-04-06T19:30:03.956Z] [runtime-status] [15384] Outgoing network have been stubbed. [{"name":"http","status":"mocked"},{"name":"http","status":"mocked"},{"name":"https","status":"mocked"},{"name":"https","status":"mocked"},{"name":"net","status":"mocked"}] {"metadata":{"emulator":{"name":"functions"},"function":{"name":"api"},"message":"[runtime-status] [15384] Outgoing network have been stubbed. [{\"name\":\"http\",\"status\":\"mocked\"},{\"name\":\"http\",\"status\":\"mocked\"},{\"name\":\"https\",\"status\":\"mocked\"},{\"name\":\"https\",\"status\":\"mocked\"},{\"name\":\"net\",\"status\":\"mocked\"}]"}}
[debug] [2021-04-06T19:30:03.957Z] [runtime-status] [15384] Resolved module firebase-functions {"declared":true,"installed":true,"version":"3.13.2","resolution":"/home/kazi/Desktop/J/amazon_clone/functions/node_modules/firebase-functions/lib/index.js"} {"metadata":{"emulator":{"name":"functions"},"function":{"name":"api"},"message":"[runtime-status] [15384] Resolved module firebase-functions {\"declared\":true,\"installed\":true,\"version\":\"3.13.2\",\"resolution\":\"/home/kazi/Desktop/J/amazon_clone/functions/node_modules/firebase-functions/lib/index.js\"}"}}
[debug] [2021-04-06T19:30:04.003Z] [runtime-status] [15384] Checked functions.config() {"config":{}} {"metadata":{"emulator":{"name":"functions"},"function":{"name":"api"},"message":"[runtime-status] [15384] Checked functions.config() {\"config\":{}}"}}
[debug] [2021-04-06T19:30:04.004Z] [runtime-status] [15384] firebase-functions has been stubbed. {"functionsResolution":{"declared":true,"installed":true,"version":"3.13.2","resolution":"/home/kazi/Desktop/J/amazon_clone/functions/node_modules/firebase-functions/lib/index.js"}} {"metadata":{"emulator":{"name":"functions"},"function":{"name":"api"},"message":"[runtime-status] [15384] firebase-functions has been stubbed. {\"functionsResolution\":{\"declared\":true,\"installed\":true,\"version\":\"3.13.2\",\"resolution\":\"/home/kazi/Desktop/J/amazon_clone/functions/node_modules/firebase-functions/lib/index.js\"}}"}}
[debug] [2021-04-06T19:30:04.005Z] [runtime-status] [15384] Resolved module firebase-functions {"declared":true,"installed":true,"version":"3.13.2","resolution":"/home/kazi/Desktop/J/amazon_clone/functions/node_modules/firebase-functions/lib/index.js"} {"metadata":{"emulator":{"name":"functions"},"function":{"name":"api"},"message":"[runtime-status] [15384] Resolved module firebase-functions {\"declared\":true,\"installed\":true,\"version\":\"3.13.2\",\"resolution\":\"/home/kazi/Desktop/J/amazon_clone/functions/node_modules/firebase-functions/lib/index.js\"}"}}
[debug] [2021-04-06T19:30:04.005Z] [runtime-status] [15384] Resolved module firebase-admin {"declared":true,"installed":true,"version":"9.6.0","resolution":"/home/kazi/Desktop/J/amazon_clone/functions/node_modules/firebase-admin/lib/index.js"} {"metadata":{"emulator":{"name":"functions"},"function":{"name":"api"},"message":"[runtime-status] [15384] Resolved module firebase-admin {\"declared\":true,\"installed\":true,\"version\":\"9.6.0\",\"resolution\":\"/home/kazi/Desktop/J/amazon_clone/functions/node_modules/firebase-admin/lib/index.js\"}"}}
[debug] [2021-04-06T19:30:04.008Z] [runtime-status] [15384] Resolved module firebase-functions {"declared":true,"installed":true,"version":"3.13.2","resolution":"/home/kazi/Desktop/J/amazon_clone/functions/node_modules/firebase-functions/lib/index.js"} {"metadata":{"emulator":{"name":"functions"},"function":{"name":"api"},"message":"[runtime-status] [15384] Resolved module firebase-functions {\"declared\":true,\"installed\":true,\"version\":\"3.13.2\",\"resolution\":\"/home/kazi/Desktop/J/amazon_clone/functions/node_modules/firebase-functions/lib/index.js\"}"}}
[debug] [2021-04-06T19:30:04.009Z] [runtime-status] [15384] firebase-admin has been stubbed. {"adminResolution":{"declared":true,"installed":true,"version":"9.6.0","resolution":"/home/kazi/Desktop/J/amazon_clone/functions/node_modules/firebase-admin/lib/index.js"}} {"metadata":{"emulator":{"name":"functions"},"function":{"name":"api"},"message":"[runtime-status] [15384] firebase-admin has been stubbed. {\"adminResolution\":{\"declared\":true,\"installed\":true,\"version\":\"9.6.0\",\"resolution\":\"/home/kazi/Desktop/J/amazon_clone/functions/node_modules/firebase-admin/lib/index.js\"}}"}}
[debug] [2021-04-06T19:30:04.149Z] [runtime-status] [15384] Trigger "api" has been found, beginning invocation! {"metadata":{"emulator":{"name":"functions"},"function":{"name":"api"},"message":"[runtime-status] [15384] Trigger \"api\" has been found, beginning invocation!"}}
[info] i  functions: Beginning execution of "api" {"metadata":{"emulator":{"name":"functions"},"function":{"name":"api"},"message":"Beginning execution of \"api\""}}
[debug] [2021-04-06T19:30:04.152Z] [runtime-status] [15384] triggerDefinition {"httpsTrigger":{},"name":"api","entryPoint":"api"} {"metadata":{"emulator":{"name":"functions"},"function":{"name":"api"},"message":"[runtime-status] [15384] triggerDefinition {\"httpsTrigger\":{},\"name\":\"api\",\"entryPoint\":\"api\"}"}}
[debug] [2021-04-06T19:30:04.152Z] [runtime-status] [15384] Running api in mode HTTPS {"metadata":{"emulator":{"name":"functions"},"function":{"name":"api"},"message":"[runtime-status] [15384] Running api in mode HTTPS"}}
[debug] [2021-04-06T19:30:04.162Z] [runtime-status] [15384] Attempting to listen to socketPath: /tmp/fire_emu_15384.sock {"metadata":{"emulator":{"name":"functions"},"function":{"name":"api"},"message":"[runtime-status] [15384] Attempting to listen to socketPath: /tmp/fire_emu_15384.sock"}}
[debug] [2021-04-06T19:30:04.166Z] [functions] Runtime ready! Sending request! {"metadata":{"emulator":{"name":"functions"},"message":"[functions] Runtime ready! Sending request!"}}
[debug] [2021-04-06T19:30:04.166Z] [functions] Got req.url=/clone-44c8b/us-central1/api/payments/create?total=0, mapping to path=/payments/create?total=0 {"metadata":{"emulator":{"name":"functions"},"message":"[functions] Got req.url=/clone-44c8b/us-central1/api/payments/create?total=0, mapping to path=/payments/create?total=0"}}
[debug] [2021-04-06T19:30:04.187Z] [runtime-status] [15384] Ephemeral server handling POST request {"metadata":{"emulator":{"name":"functions"},"function":{"name":"api"},"message":"[runtime-status] [15384] Ephemeral server handling POST request"}}
[info] >  payment total  0 {"user":"payment total  0","metadata":{"emulator":{"name":"functions"},"function":{"name":"api"},"message":"\u001b[90m> \u001b[39m payment total  0"}}
[debug] [2021-04-06T19:30:04.206Z] [runtime-status] [15384] Ephemeral server survived. {"metadata":{"emulator":{"name":"functions"},"function":{"name":"api"},"message":"[runtime-status] [15384] Ephemeral server survived."}}
[info] >  (node:15384) UnhandledPromiseRejectionWarning: Error: This value must be greater than or equal to 1. {"user":"(node:15384) UnhandledPromiseRejectionWarning: Error: This value must be greater than or equal to 1.","metadata":{"emulator":{"name":"functions"},"function":{"name":"api"},"message":"\u001b[90m> \u001b[39m (node:15384) UnhandledPromiseRejectionWarning: Error: This value must be greater than or equal to 1."}}
[info] >      at Function.generate (/home/kazi/Desktop/J/amazon_clone/functions/node_modules/stripe/lib/Error.js:40:16) {"user":"    at Function.generate (/home/kazi/Desktop/J/amazon_clone/functions/node_modules/stripe/lib/Error.js:40:16)","metadata":{"emulator":{"name":"functions"},"function":{"name":"api"},"message":"\u001b[90m> \u001b[39m     at Function.generate (/home/kazi/Desktop/J/amazon_clone/functions/node_modules/stripe/lib/Error.js:40:16)"}}
[info] >      at IncomingMessage.<anonymous> (/home/kazi/Desktop/J/amazon_clone/functions/node_modules/stripe/lib/StripeResource.js:180:33) {"user":"    at IncomingMessage.<anonymous> (/home/kazi/Desktop/J/amazon_clone/functions/node_modules/stripe/lib/StripeResource.js:180:33)","metadata":{"emulator":{"name":"functions"},"function":{"name":"api"},"message":"\u001b[90m> \u001b[39m     at IncomingMessage.<anonymous> (/home/kazi/Desktop/J/amazon_clone/functions/node_modules/stripe/lib/StripeResource.js:180:33)"}}
[info] >      at Object.onceWrapper (events.js:420:28) {"user":"    at Object.onceWrapper (events.js:420:28)","metadata":{"emulator":{"name":"functions"},"function":{"name":"api"},"message":"\u001b[90m> \u001b[39m     at Object.onceWrapper (events.js:420:28)"}}
[info] >      at IncomingMessage.emit (events.js:326:22) {"user":"    at IncomingMessage.emit (events.js:326:22)","metadata":{"emulator":{"name":"functions"},"function":{"name":"api"},"message":"\u001b[90m> \u001b[39m     at IncomingMessage.emit (events.js:326:22)"}}
[info] >      at endReadableNT (_stream_readable.js:1241:12) {"user":"    at endReadableNT (_stream_readable.js:1241:12)","metadata":{"emulator":{"name":"functions"},"function":{"name":"api"},"message":"\u001b[90m> \u001b[39m     at endReadableNT (_stream_readable.js:1241:12)"}}
[info] >      at processTicksAndRejections (internal/process/task_queues.js:84:21) {"user":"    at processTicksAndRejections (internal/process/task_queues.js:84:21)","metadata":{"emulator":{"name":"functions"},"function":{"name":"api"},"message":"\u001b[90m> \u001b[39m     at processTicksAndRejections (internal/process/task_queues.js:84:21)"}}
[info] >  (node:15384) UnhandledPromiseRejectionWarning: Unhandled promise rejection. This error originated either by throwing inside of an async function without a catch block, or by rejecting a promise which was not handled with .catch(). To terminate the node process on unhandled promise rejection, use the CLI flag `--unhandled-rejections=strict` (see https://nodejs.org/api/cli.html#cli_unhandled_rejections_mode). (rejection id: 1) {"user":"(node:15384) UnhandledPromiseRejectionWarning: Unhandled promise rejection. This error originated either by throwing inside of an async function without a catch block, or by rejecting a promise which was not handled with .catch(). To terminate the node process on unhandled promise rejection, use the CLI flag `--unhandled-rejections=strict` (see https://nodejs.org/api/cli.html#cli_unhandled_rejections_mode). (rejection id: 1)","metadata":{"emulator":{"name":"functions"},"function":{"name":"api"},"message":"\u001b[90m> \u001b[39m (node:15384) UnhandledPromiseRejectionWarning: Unhandled promise rejection. This error originated either by throwing inside of an async function without a catch block, or by rejecting a promise which was not handled with .catch(). To terminate the node process on unhandled promise rejection, use the CLI flag `--unhandled-rejections=strict` (see https://nodejs.org/api/cli.html#cli_unhandled_rejections_mode). (rejection id: 1)"}}
[info] >  (node:15384) [DEP0018] DeprecationWarning: Unhandled promise rejections are deprecated. In the future, promise rejections that are not handled will terminate the Node.js process with a non-zero exit code. {"user":"(node:15384) [DEP0018] DeprecationWarning: Unhandled promise rejections are deprecated. In the future, promise rejections that are not handled will terminate the Node.js process with a non-zero exit code.","metadata":{"emulator":{"name":"functions"},"function":{"name":"api"},"message":"\u001b[90m> \u001b[39m (node:15384) [DEP0018] DeprecationWarning: Unhandled promise rejections are deprecated. In the future, promise rejections that are not handled will terminate the Node.js process with a non-zero exit code."}}
[warn] ⚠  functions: Your function timed out after ~60s. To configure this timeout, see
      https://firebase.google.com/docs/functions/manage-functions#set_timeout_and_memory_allocation. {"metadata":{"emulator":{"name":"functions"},"function":{"name":"api"},"message":"Your function timed out after ~60s. To configure this timeout, see\n      https://firebase.google.com/docs/functions/manage-functions#set_timeout_and_memory_allocation."}}
[info] >  /usr/local/lib/node_modules/firebase-tools/lib/emulator/functionsEmulatorRuntime.js:644 {"user":"/usr/local/lib/node_modules/firebase-tools/lib/emulator/functionsEmulatorRuntime.js:644","metadata":{"emulator":{"name":"functions"},"function":{"name":"api"},"message":"\u001b[90m> \u001b[39m /usr/local/lib/node_modules/firebase-tools/lib/emulator/functionsEmulatorRuntime.js:644"}}
[info] >              throw new Error("Function timed out."); {"user":"            throw new Error(\"Function timed out.\");","metadata":{"emulator":{"name":"functions"},"function":{"name":"api"},"message":"\u001b[90m> \u001b[39m             throw new Error(\"Function timed out.\");"}}
[info] >              ^ {"user":"            ^","metadata":{"emulator":{"name":"functions"},"function":{"name":"api"},"message":"\u001b[90m> \u001b[39m             ^"}}
[info] >   {"user":"","metadata":{"emulator":{"name":"functions"},"function":{"name":"api"},"message":"\u001b[90m> \u001b[39m "}}
[info] >  Error: Function timed out. {"user":"Error: Function timed out.","metadata":{"emulator":{"name":"functions"},"function":{"name":"api"},"message":"\u001b[90m> \u001b[39m Error: Function timed out."}}
[info] >      at Timeout._onTimeout (/usr/local/lib/node_modules/firebase-tools/lib/emulator/functionsEmulatorRuntime.js:644:19) {"user":"    at Timeout._onTimeout (/usr/local/lib/node_modules/firebase-tools/lib/emulator/functionsEmulatorRuntime.js:644:19)","metadata":{"emulator":{"name":"functions"},"function":{"name":"api"},"message":"\u001b[90m> \u001b[39m     at Timeout._onTimeout (/usr/local/lib/node_modules/firebase-tools/lib/emulator/functionsEmulatorRuntime.js:644:19)"}}
[info] >      at listOnTimeout (internal/timers.js:554:17) {"user":"    at listOnTimeout (internal/timers.js:554:17)","metadata":{"emulator":{"name":"functions"},"function":{"name":"api"},"message":"\u001b[90m> \u001b[39m     at listOnTimeout (internal/timers.js:554:17)"}}
[info] >      at processTimers (internal/timers.js:497:7) {"user":"    at processTimers (internal/timers.js:497:7)","metadata":{"emulator":{"name":"functions"},"function":{"name":"api"},"message":"\u001b[90m> \u001b[39m     at processTimers (internal/timers.js:497:7)"}}
[debug] [2021-04-06T19:30:58.556Z] [worker-api-be48ad5a-44bd-4c13-8a27-78e10b56f63b]: exited {"metadata":{"emulator":{"name":"functions"},"message":"[worker-api-be48ad5a-44bd-4c13-8a27-78e10b56f63b]: exited"}}
[debug] [2021-04-06T19:30:58.556Z] [worker-api-be48ad5a-44bd-4c13-8a27-78e10b56f63b]: FINISHED {"metadata":{"emulator":{"name":"functions"},"message":"[worker-api-be48ad5a-44bd-4c13-8a27-78e10b56f63b]: FINISHED"}}
[debug] [2021-04-06T19:30:58.557Z] [work-queue] {"queueLength":0,"workRunningCount":1}
[warn] ⚠  functions: Your function timed out after ~60s. To configure this timeout, see
      https://firebase.google.com/docs/functions/manage-functions#set_timeout_and_memory_allocation. {"metadata":{"emulator":{"name":"functions"},"function":{"name":"api"},"message":"Your function timed out after ~60s. To configure this timeout, see\n      https://firebase.google.com/docs/functions/manage-functions#set_timeout_and_memory_allocation."}}
[info] >  /usr/local/lib/node_modules/firebase-tools/lib/emulator/functionsEmulatorRuntime.js:644 {"user":"/usr/local/lib/node_modules/firebase-tools/lib/emulator/functionsEmulatorRuntime.js:644","metadata":{"emulator":{"name":"functions"},"function":{"name":"api"},"message":"\u001b[90m> \u001b[39m /usr/local/lib/node_modules/firebase-tools/lib/emulator/functionsEmulatorRuntime.js:644"}}
[info] >              throw new Error("Function timed out."); {"user":"            throw new Error(\"Function timed out.\");","metadata":{"emulator":{"name":"functions"},"function":{"name":"api"},"message":"\u001b[90m> \u001b[39m             throw new Error(\"Function timed out.\");"}}
[info] >              ^ {"user":"            ^","metadata":{"emulator":{"name":"functions"},"function":{"name":"api"},"message":"\u001b[90m> \u001b[39m             ^"}}
[info] >   {"user":"","metadata":{"emulator":{"name":"functions"},"function":{"name":"api"},"message":"\u001b[90m> \u001b[39m "}}
[info] >  Error: Function timed out. {"user":"Error: Function timed out.","metadata":{"emulator":{"name":"functions"},"function":{"name":"api"},"message":"\u001b[90m> \u001b[39m Error: Function timed out."}}
[info] >      at Timeout._onTimeout (/usr/local/lib/node_modules/firebase-tools/lib/emulator/functionsEmulatorRuntime.js:644:19) {"user":"    at Timeout._onTimeout (/usr/local/lib/node_modules/firebase-tools/lib/emulator/functionsEmulatorRuntime.js:644:19)","metadata":{"emulator":{"name":"functions"},"function":{"name":"api"},"message":"\u001b[90m> \u001b[39m     at Timeout._onTimeout (/usr/local/lib/node_modules/firebase-tools/lib/emulator/functionsEmulatorRuntime.js:644:19)"}}
[info] >      at listOnTimeout (internal/timers.js:554:17) {"user":"    at listOnTimeout (internal/timers.js:554:17)","metadata":{"emulator":{"name":"functions"},"function":{"name":"api"},"message":"\u001b[90m> \u001b[39m     at listOnTimeout (internal/timers.js:554:17)"}}
[info] >      at processTimers (internal/timers.js:497:7) {"user":"    at processTimers (internal/timers.js:497:7)","metadata":{"emulator":{"name":"functions"},"function":{"name":"api"},"message":"\u001b[90m> \u001b[39m     at processTimers (internal/timers.js:497:7)"}}
[debug] [2021-04-06T19:31:04.182Z] [worker-api-d312a29a-f220-4b9b-96b5-ed01d99e97b8]: exited {"metadata":{"emulator":{"name":"functions"},"message":"[worker-api-d312a29a-f220-4b9b-96b5-ed01d99e97b8]: exited"}}
[debug] [2021-04-06T19:31:04.183Z] [worker-api-d312a29a-f220-4b9b-96b5-ed01d99e97b8]: FINISHED {"metadata":{"emulator":{"name":"functions"},"message":"[worker-api-d312a29a-f220-4b9b-96b5-ed01d99e97b8]: FINISHED"}}
[debug] [2021-04-06T19:31:04.183Z] [work-queue] {"queueLength":0,"workRunningCount":0}
